<?xml version="1.0" encoding="UTF-8"?>
<coverage generated="1764341143569" clover="3.2.0">
  <project timestamp="1764341143569" name="All files">
    <metrics statements="213" coveredstatements="90" conditionals="167" coveredconditionals="35" methods="51" coveredmethods="13" elements="431" coveredelements="138" complexity="0" loc="213" ncloc="213" packages="1" files="7" classes="7"/>
    <file name="EnrichedPromptCard.jsx" path="/Users/ironion/workspace/prompt-interpreter-ui/src/components/EnrichedPromptCard.jsx">
      <metrics statements="23" coveredstatements="10" conditionals="27" coveredconditionals="0" methods="9" coveredmethods="0"/>
      <line num="5" count="1" type="stmt"/>
      <line num="9" count="1" type="stmt"/>
      <line num="14" count="0" type="cond" truecount="0" falsecount="2"/>
      <line num="20" count="1" type="stmt"/>
      <line num="21" count="0" type="cond" truecount="0" falsecount="2"/>
      <line num="22" count="0" type="cond" truecount="0" falsecount="2"/>
      <line num="23" count="0" type="cond" truecount="0" falsecount="2"/>
      <line num="27" count="1" type="stmt"/>
      <line num="48" count="1" type="stmt"/>
      <line num="65" count="1" type="stmt"/>
      <line num="66" count="0" type="cond" truecount="0" falsecount="2"/>
      <line num="72" count="0" type="cond" truecount="0" falsecount="2"/>
      <line num="82" count="1" type="stmt"/>
      <line num="87" count="1" type="stmt"/>
      <line num="91" count="1" type="stmt"/>
      <line num="108" count="1" type="stmt"/>
      <line num="109" count="0" type="stmt"/>
      <line num="112" count="0" type="stmt"/>
      <line num="113" count="0" type="cond" truecount="0" falsecount="2"/>
      <line num="114" count="0" type="stmt"/>
      <line num="119" count="0" type="stmt"/>
      <line num="120" count="0" type="stmt"/>
      <line num="123" count="0" type="stmt"/>
    </file>
    <file name="IntentCard.jsx" path="/Users/ironion/workspace/prompt-interpreter-ui/src/components/IntentCard.jsx">
      <metrics statements="6" coveredstatements="6" conditionals="6" coveredconditionals="5" methods="2" coveredmethods="2"/>
      <line num="5" count="1" type="stmt"/>
      <line num="9" count="1" type="stmt"/>
      <line num="14" count="8" type="cond" truecount="1" falsecount="1"/>
      <line num="20" count="1" type="stmt"/>
      <line num="48" count="1" type="stmt"/>
      <line num="49" count="8" type="stmt"/>
    </file>
    <file name="MissingInfoCard.jsx" path="/Users/ironion/workspace/prompt-interpreter-ui/src/components/MissingInfoCard.jsx">
      <metrics statements="46" coveredstatements="9" conditionals="57" coveredconditionals="0" methods="15" coveredmethods="0"/>
      <line num="6" count="1" type="stmt"/>
      <line num="9" count="1" type="stmt"/>
      <line num="14" count="0" type="cond" truecount="0" falsecount="2"/>
      <line num="20" count="1" type="stmt"/>
      <line num="44" count="1" type="stmt"/>
      <line num="74" count="1" type="stmt"/>
      <line num="88" count="1" type="stmt"/>
      <line num="94" count="1" type="stmt"/>
      <line num="101" count="1" type="stmt"/>
      <line num="111" count="1" type="stmt"/>
      <line num="125" count="0" type="stmt"/>
      <line num="126" count="0" type="cond" truecount="0" falsecount="4"/>
      <line num="128" count="0" type="stmt"/>
      <line num="129" count="0" type="cond" truecount="0" falsecount="2"/>
      <line num="131" count="0" type="stmt"/>
      <line num="133" count="0" type="stmt"/>
      <line num="134" count="0" type="cond" truecount="0" falsecount="2"/>
      <line num="135" count="0" type="stmt"/>
      <line num="136" count="0" type="stmt"/>
      <line num="140" count="0" type="stmt"/>
      <line num="143" count="0" type="stmt"/>
      <line num="146" count="0" type="stmt"/>
      <line num="147" count="0" type="cond" truecount="0" falsecount="2"/>
      <line num="148" count="0" type="stmt"/>
      <line num="156" count="0" type="stmt"/>
      <line num="158" count="0" type="cond" truecount="0" falsecount="4"/>
      <line num="159" count="0" type="stmt"/>
      <line num="161" count="0" type="stmt"/>
      <line num="162" count="0" type="stmt"/>
      <line num="164" count="0" type="cond" truecount="0" falsecount="5"/>
      <line num="165" count="0" type="stmt"/>
      <line num="168" count="0" type="stmt"/>
      <line num="169" count="0" type="stmt"/>
      <line num="171" count="0" type="cond" truecount="0" falsecount="2"/>
      <line num="172" count="0" type="stmt"/>
      <line num="173" count="0" type="cond" truecount="0" falsecount="2"/>
      <line num="179" count="0" type="stmt"/>
      <line num="192" count="0" type="cond" truecount="0" falsecount="2"/>
      <line num="193" count="0" type="stmt"/>
      <line num="197" count="0" type="stmt"/>
      <line num="207" count="0" type="stmt"/>
      <line num="208" count="0" type="stmt"/>
      <line num="215" count="0" type="stmt"/>
      <line num="229" count="0" type="cond" truecount="0" falsecount="2"/>
      <line num="231" count="0" type="stmt"/>
      <line num="240" count="0" type="stmt"/>
    </file>
    <file name="Modal.jsx" path="/Users/ironion/workspace/prompt-interpreter-ui/src/components/Modal.jsx">
      <metrics statements="34" coveredstatements="23" conditionals="21" coveredconditionals="13" methods="6" coveredmethods="3"/>
      <line num="5" count="1" type="stmt"/>
      <line num="25" count="1" type="stmt"/>
      <line num="48" count="1" type="stmt"/>
      <line num="57" count="1" type="stmt"/>
      <line num="64" count="1" type="stmt"/>
      <line num="70" count="1" type="stmt"/>
      <line num="79" count="0" type="cond" truecount="0" falsecount="4"/>
      <line num="81" count="0" type="stmt"/>
      <line num="83" count="0" type="stmt"/>
      <line num="85" count="0" type="stmt"/>
      <line num="87" count="0" type="stmt"/>
      <line num="95" count="0" type="cond" truecount="0" falsecount="4"/>
      <line num="97" count="0" type="stmt"/>
      <line num="99" count="0" type="stmt"/>
      <line num="101" count="0" type="stmt"/>
      <line num="103" count="0" type="stmt"/>
      <line num="114" count="1" type="stmt"/>
      <line num="118" count="1" type="cond" truecount="1" falsecount="0"/>
      <line num="119" count="9" type="cond" truecount="2" falsecount="0"/>
      <line num="122" count="8" type="stmt"/>
      <line num="123" count="8" type="cond" truecount="2" falsecount="0"/>
      <line num="124" count="6" type="cond" truecount="4" falsecount="0"/>
      <line num="126" count="1" type="stmt"/>
      <line num="128" count="1" type="stmt"/>
      <line num="130" count="1" type="stmt"/>
      <line num="132" count="3" type="stmt"/>
      <line num="136" count="8" type="stmt"/>
      <line num="137" count="8" type="cond" truecount="4" falsecount="0"/>
      <line num="139" count="2" type="stmt"/>
      <line num="141" count="1" type="stmt"/>
      <line num="143" count="1" type="stmt"/>
      <line num="145" count="4" type="stmt"/>
      <line num="149" count="8" type="stmt"/>
      <line num="151" count="0" type="stmt"/>
    </file>
    <file name="OptimizationCard.jsx" path="/Users/ironion/workspace/prompt-interpreter-ui/src/components/OptimizationCard.jsx">
      <metrics statements="12" coveredstatements="5" conditionals="11" coveredconditionals="0" methods="4" coveredmethods="0"/>
      <line num="5" count="1" type="stmt"/>
      <line num="9" count="1" type="stmt"/>
      <line num="14" count="0" type="cond" truecount="0" falsecount="2"/>
      <line num="20" count="1" type="stmt"/>
      <line num="41" count="1" type="stmt"/>
      <line num="58" count="1" type="cond" truecount="0" falsecount="1"/>
      <line num="60" count="0" type="stmt"/>
      <line num="62" count="0" type="stmt"/>
      <line num="63" count="0" type="cond" truecount="0" falsecount="2"/>
      <line num="64" count="0" type="stmt"/>
      <line num="68" count="0" type="stmt"/>
      <line num="85" count="0" type="stmt"/>
    </file>
    <file name="ResultCard.jsx" path="/Users/ironion/workspace/prompt-interpreter-ui/src/components/ResultCard.jsx">
      <metrics statements="11" coveredstatements="11" conditionals="10" coveredconditionals="7" methods="3" coveredmethods="3"/>
      <line num="4" count="3" type="stmt"/>
      <line num="47" count="3" type="stmt"/>
      <line num="52" count="1" type="cond" truecount="2" falsecount="0"/>
      <line num="58" count="3" type="stmt"/>
      <line num="79" count="3" type="stmt"/>
      <line num="94" count="3" type="stmt"/>
      <line num="95" count="12" type="stmt"/>
      <line num="96" count="12" type="cond" truecount="2" falsecount="0"/>
      <line num="97" count="11" type="stmt"/>
      <line num="100" count="1" type="stmt"/>
      <line num="116" count="12" type="stmt"/>
    </file>
    <file name="SpeechInputButton.jsx" path="/Users/ironion/workspace/prompt-interpreter-ui/src/components/SpeechInputButton.jsx">
      <metrics statements="81" coveredstatements="26" conditionals="35" coveredconditionals="10" methods="12" coveredmethods="5"/>
      <line num="4" count="1" type="stmt"/>
      <line num="11" count="12" type="stmt"/>
      <line num="14" count="12" type="stmt"/>
      <line num="15" count="12" type="stmt"/>
      <line num="16" count="12" type="stmt"/>
      <line num="17" count="12" type="stmt"/>
      <line num="18" count="12" type="stmt"/>
      <line num="21" count="12" type="stmt"/>
      <line num="23" count="22" type="cond" truecount="1" falsecount="1"/>
      <line num="24" count="0" type="stmt"/>
      <line num="25" count="0" type="stmt"/>
      <line num="29" count="22" type="cond" truecount="1" falsecount="1"/>
      <line num="30" count="0" type="stmt"/>
      <line num="31" count="0" type="stmt"/>
      <line num="35" count="22" type="stmt"/>
      <line num="36" count="22" type="stmt"/>
      <line num="39" count="22" type="stmt"/>
      <line num="43" count="12" type="stmt"/>
      <line num="44" count="0" type="stmt"/>
      <line num="46" count="0" type="stmt"/>
      <line num="49" count="0" type="stmt"/>
      <line num="56" count="0" type="stmt"/>
      <line num="59" count="0" type="cond" truecount="0" falsecount="2"/>
      <line num="60" count="0" type="cond" truecount="0" falsecount="2"/>
      <line num="61" count="0" type="stmt"/>
      <line num="62" count="0" type="cond" truecount="0" falsecount="2"/>
      <line num="63" count="0" type="stmt"/>
      <line num="67" count="0" type="stmt"/>
      <line num="68" count="0" type="stmt"/>
      <line num="69" count="0" type="stmt"/>
      <line num="72" count="0" type="stmt"/>
      <line num="73" count="0" type="stmt"/>
      <line num="76" count="0" type="stmt"/>
      <line num="77" count="0" type="stmt"/>
      <line num="80" count="0" type="stmt"/>
      <line num="82" count="0" type="stmt"/>
      <line num="83" count="0" type="stmt"/>
      <line num="88" count="12" type="stmt"/>
      <line num="89" count="0" type="stmt"/>
      <line num="90" count="0" type="stmt"/>
      <line num="92" count="0" type="cond" truecount="0" falsecount="4"/>
      <line num="95" count="0" type="stmt"/>
      <line num="96" count="0" type="cond" truecount="0" falsecount="4"/>
      <line num="99" count="0" type="stmt"/>
      <line num="102" count="0" type="stmt"/>
      <line num="105" count="0" type="stmt"/>
      <line num="106" count="0" type="stmt"/>
      <line num="107" count="0" type="stmt"/>
      <line num="108" count="0" type="stmt"/>
      <line num="112" count="0" type="stmt"/>
      <line num="113" count="0" type="stmt"/>
      <line num="116" count="0" type="stmt"/>
      <line num="120" count="0" type="stmt"/>
      <line num="124" count="12" type="stmt"/>
      <line num="125" count="11" type="cond" truecount="1" falsecount="1"/>
      <line num="126" count="0" type="stmt"/>
      <line num="128" count="11" type="stmt"/>
      <line num="132" count="11" type="stmt"/>
      <line num="133" count="11" type="stmt"/>
      <line num="136" count="11" type="cond" truecount="1" falsecount="1"/>
      <line num="137" count="0" type="stmt"/>
      <line num="138" count="0" type="stmt"/>
      <line num="144" count="12" type="stmt"/>
      <line num="145" count="0" type="stmt"/>
      <line num="146" count="0" type="stmt"/>
      <line num="149" count="0" type="stmt"/>
      <line num="151" count="0" type="cond" truecount="0" falsecount="4"/>
      <line num="153" count="0" type="stmt"/>
      <line num="154" count="0" type="stmt"/>
      <line num="157" count="0" type="stmt"/>
      <line num="158" count="0" type="stmt"/>
      <line num="161" count="0" type="stmt"/>
      <line num="162" count="0" type="stmt"/>
      <line num="163" count="0" type="stmt"/>
      <line num="165" count="0" type="stmt"/>
      <line num="180" count="0" type="stmt"/>
      <line num="195" count="12" type="stmt"/>
      <line num="196" count="12" type="cond" truecount="1" falsecount="1"/>
      <line num="198" count="0" type="stmt"/>
      <line num="208" count="12" type="cond" truecount="1" falsecount="1"/>
      <line num="210" count="12" type="stmt"/>
    </file>
  </project>
</coverage>
