{"/Users/ironion/workspace/prompt-interpreter-ui/src/components/EnrichedPromptCard.jsx": {"path":"/Users/ironion/workspace/prompt-interpreter-ui/src/components/EnrichedPromptCard.jsx","statementMap":{"0":{"start":{"line":5,"column":15},"end":{"line":7,"column":1}},"1":{"start":{"line":9,"column":16},"end":{"line":18,"column":1}},"2":{"start":{"line":14,"column":36},"end":{"line":14,"column":60}},"3":{"start":{"line":20,"column":27},"end":{"line":25,"column":1}},"4":{"start":{"line":21,"column":25},"end":{"line":21,"column":60}},"5":{"start":{"line":22,"column":25},"end":{"line":22,"column":59}},"6":{"start":{"line":23,"column":23},"end":{"line":23,"column":62}},"7":{"start":{"line":27,"column":19},"end":{"line":46,"column":1}},"8":{"start":{"line":48,"column":18},"end":{"line":63,"column":1}},"9":{"start":{"line":65,"column":24},"end":{"line":80,"column":1}},"10":{"start":{"line":66,"column":21},"end":{"line":66,"column":62}},"11":{"start":{"line":72,"column":20},"end":{"line":72,"column":61}},"12":{"start":{"line":82,"column":19},"end":{"line":85,"column":1}},"13":{"start":{"line":87,"column":24},"end":{"line":89,"column":1}},"14":{"start":{"line":91,"column":19},"end":{"line":98,"column":1}},"15":{"start":{"line":108,"column":27},"end":{"line":171,"column":1}},"16":{"start":{"line":109,"column":66},"end":{"line":109,"column":81}},"17":{"start":{"line":112,"column":27},"end":{"line":116,"column":3}},"18":{"start":{"line":113,"column":4},"end":{"line":115,"column":5}},"19":{"start":{"line":114,"column":6},"end":{"line":114,"column":61}},"20":{"start":{"line":119,"column":28},"end":{"line":121,"column":3}},"21":{"start":{"line":120,"column":4},"end":{"line":120,"column":38}},"22":{"start":{"line":123,"column":2},"end":{"line":170,"column":4}}},"fnMap":{"0":{"name":"(anonymous_0)","decl":{"start":{"line":14,"column":27},"end":{"line":14,"column":28}},"loc":{"start":{"line":14,"column":36},"end":{"line":14,"column":60}},"line":14},"1":{"name":"(anonymous_1)","decl":{"start":{"line":21,"column":16},"end":{"line":21,"column":17}},"loc":{"start":{"line":21,"column":25},"end":{"line":21,"column":60}},"line":21},"2":{"name":"(anonymous_2)","decl":{"start":{"line":22,"column":16},"end":{"line":22,"column":17}},"loc":{"start":{"line":22,"column":25},"end":{"line":22,"column":59}},"line":22},"3":{"name":"(anonymous_3)","decl":{"start":{"line":23,"column":14},"end":{"line":23,"column":15}},"loc":{"start":{"line":23,"column":23},"end":{"line":23,"column":62}},"line":23},"4":{"name":"(anonymous_4)","decl":{"start":{"line":66,"column":12},"end":{"line":66,"column":13}},"loc":{"start":{"line":66,"column":21},"end":{"line":66,"column":62}},"line":66},"5":{"name":"(anonymous_5)","decl":{"start":{"line":72,"column":11},"end":{"line":72,"column":12}},"loc":{"start":{"line":72,"column":20},"end":{"line":72,"column":61}},"line":72},"6":{"name":"(anonymous_6)","decl":{"start":{"line":108,"column":27},"end":{"line":108,"column":28}},"loc":{"start":{"line":108,"column":68},"end":{"line":171,"column":1}},"line":108},"7":{"name":"(anonymous_7)","decl":{"start":{"line":112,"column":27},"end":{"line":112,"column":28}},"loc":{"start":{"line":112,"column":33},"end":{"line":116,"column":3}},"line":112},"8":{"name":"(anonymous_8)","decl":{"start":{"line":119,"column":28},"end":{"line":119,"column":29}},"loc":{"start":{"line":119,"column":34},"end":{"line":121,"column":3}},"line":119}},"branchMap":{"0":{"loc":{"start":{"line":14,"column":36},"end":{"line":14,"column":60}},"type":"binary-expr","locations":[{"start":{"line":14,"column":36},"end":{"line":14,"column":47}},{"start":{"line":14,"column":51},"end":{"line":14,"column":60}}],"line":14},"1":{"loc":{"start":{"line":21,"column":25},"end":{"line":21,"column":60}},"type":"cond-expr","locations":[{"start":{"line":21,"column":44},"end":{"line":21,"column":51}},{"start":{"line":21,"column":54},"end":{"line":21,"column":60}}],"line":21},"2":{"loc":{"start":{"line":22,"column":25},"end":{"line":22,"column":59}},"type":"cond-expr","locations":[{"start":{"line":22,"column":44},"end":{"line":22,"column":50}},{"start":{"line":22,"column":53},"end":{"line":22,"column":59}}],"line":22},"3":{"loc":{"start":{"line":23,"column":23},"end":{"line":23,"column":62}},"type":"cond-expr","locations":[{"start":{"line":23,"column":42},"end":{"line":23,"column":51}},{"start":{"line":23,"column":54},"end":{"line":23,"column":62}}],"line":23},"4":{"loc":{"start":{"line":66,"column":21},"end":{"line":66,"column":62}},"type":"cond-expr","locations":[{"start":{"line":66,"column":41},"end":{"line":66,"column":50}},{"start":{"line":66,"column":53},"end":{"line":66,"column":62}}],"line":66},"5":{"loc":{"start":{"line":72,"column":20},"end":{"line":72,"column":61}},"type":"cond-expr","locations":[{"start":{"line":72,"column":40},"end":{"line":72,"column":49}},{"start":{"line":72,"column":52},"end":{"line":72,"column":61}}],"line":72},"6":{"loc":{"start":{"line":113,"column":4},"end":{"line":115,"column":5}},"type":"if","locations":[{"start":{"line":113,"column":4},"end":{"line":115,"column":5}},{"start":{},"end":{}}],"line":113},"7":{"loc":{"start":{"line":133,"column":9},"end":{"line":137,"column":9}},"type":"binary-expr","locations":[{"start":{"line":133,"column":9},"end":{"line":133,"column":15}},{"start":{"line":134,"column":10},"end":{"line":136,"column":23}}],"line":133},"8":{"loc":{"start":{"line":135,"column":13},"end":{"line":135,"column":49}},"type":"cond-expr","locations":[{"start":{"line":135,"column":40},"end":{"line":135,"column":43}},{"start":{"line":135,"column":46},"end":{"line":135,"column":49}}],"line":135},"9":{"loc":{"start":{"line":142,"column":11},"end":{"line":159,"column":11}},"type":"cond-expr","locations":[{"start":{"line":143,"column":12},"end":{"line":143,"column":56}},{"start":{"line":144,"column":14},"end":{"line":159,"column":11}}],"line":142},"10":{"loc":{"start":{"line":144,"column":14},"end":{"line":159,"column":11}},"type":"cond-expr","locations":[{"start":{"line":145,"column":12},"end":{"line":154,"column":15}},{"start":{"line":156,"column":12},"end":{"line":158,"column":25}}],"line":144},"11":{"loc":{"start":{"line":151,"column":17},"end":{"line":151,"column":41}},"type":"cond-expr","locations":[{"start":{"line":151,"column":28},"end":{"line":151,"column":34}},{"start":{"line":151,"column":37},"end":{"line":151,"column":41}}],"line":151},"12":{"loc":{"start":{"line":164,"column":7},"end":{"line":168,"column":7}},"type":"binary-expr","locations":[{"start":{"line":164,"column":7},"end":{"line":164,"column":13}},{"start":{"line":164,"column":17},"end":{"line":164,"column":41}},{"start":{"line":165,"column":8},"end":{"line":167,"column":20}}],"line":164}},"s":{"0":1,"1":1,"2":0,"3":1,"4":0,"5":0,"6":0,"7":1,"8":1,"9":1,"10":0,"11":0,"12":1,"13":1,"14":1,"15":1,"16":0,"17":0,"18":0,"19":0,"20":0,"21":0,"22":0},"f":{"0":0,"1":0,"2":0,"3":0,"4":0,"5":0,"6":0,"7":0,"8":0},"b":{"0":[0,0],"1":[0,0],"2":[0,0],"3":[0,0],"4":[0,0],"5":[0,0],"6":[0,0],"7":[0,0],"8":[0,0],"9":[0,0],"10":[0,0],"11":[0,0],"12":[0,0,0]},"_coverageSchema":"1a1c01bbd47fc00a2c39e90264f33305004495a9","hash":"749bc8c441dc96208740327f0096e743058eb23e"}
,"/Users/ironion/workspace/prompt-interpreter-ui/src/components/IntentCard.jsx": {"path":"/Users/ironion/workspace/prompt-interpreter-ui/src/components/IntentCard.jsx","statementMap":{"0":{"start":{"line":5,"column":15},"end":{"line":7,"column":1}},"1":{"start":{"line":9,"column":16},"end":{"line":18,"column":1}},"2":{"start":{"line":14,"column":36},"end":{"line":14,"column":60}},"3":{"start":{"line":20,"column":19},"end":{"line":39,"column":1}},"4":{"start":{"line":48,"column":19},"end":{"line":72,"column":1}},"5":{"start":{"line":49,"column":2},"end":{"line":71,"column":4}}},"fnMap":{"0":{"name":"(anonymous_0)","decl":{"start":{"line":14,"column":27},"end":{"line":14,"column":28}},"loc":{"start":{"line":14,"column":36},"end":{"line":14,"column":60}},"line":14},"1":{"name":"(anonymous_1)","decl":{"start":{"line":48,"column":19},"end":{"line":48,"column":20}},"loc":{"start":{"line":48,"column":53},"end":{"line":72,"column":1}},"line":48}},"branchMap":{"0":{"loc":{"start":{"line":14,"column":36},"end":{"line":14,"column":60}},"type":"binary-expr","locations":[{"start":{"line":14,"column":36},"end":{"line":14,"column":47}},{"start":{"line":14,"column":51},"end":{"line":14,"column":60}}],"line":14},"1":{"loc":{"start":{"line":55,"column":9},"end":{"line":68,"column":9}},"type":"cond-expr","locations":[{"start":{"line":56,"column":10},"end":{"line":65,"column":13}},{"start":{"line":67,"column":10},"end":{"line":67,"column":69}}],"line":55},"2":{"loc":{"start":{"line":62,"column":15},"end":{"line":62,"column":39}},"type":"cond-expr","locations":[{"start":{"line":62,"column":26},"end":{"line":62,"column":32}},{"start":{"line":62,"column":35},"end":{"line":62,"column":39}}],"line":62}},"s":{"0":1,"1":1,"2":8,"3":1,"4":1,"5":8},"f":{"0":8,"1":8},"b":{"0":[8,0],"1":[7,1],"2":[1,6]},"_coverageSchema":"1a1c01bbd47fc00a2c39e90264f33305004495a9","hash":"0ddb160d78d42277359a7218cf66fe3e37c9a48c"}
,"/Users/ironion/workspace/prompt-interpreter-ui/src/components/MissingInfoCard.jsx": {"path":"/Users/ironion/workspace/prompt-interpreter-ui/src/components/MissingInfoCard.jsx","statementMap":{"0":{"start":{"line":6,"column":15},"end":{"line":8,"column":1}},"1":{"start":{"line":9,"column":16},"end":{"line":18,"column":1}},"2":{"start":{"line":14,"column":36},"end":{"line":14,"column":60}},"3":{"start":{"line":20,"column":25},"end":{"line":42,"column":1}},"4":{"start":{"line":44,"column":21},"end":{"line":72,"column":1}},"5":{"start":{"line":74,"column":23},"end":{"line":86,"column":1}},"6":{"start":{"line":88,"column":17},"end":{"line":92,"column":1}},"7":{"start":{"line":94,"column":14},"end":{"line":99,"column":1}},"8":{"start":{"line":101,"column":21},"end":{"line":105,"column":1}},"9":{"start":{"line":111,"column":24},"end":{"line":257,"column":1}},"10":{"start":{"line":125,"column":27},"end":{"line":141,"column":3}},"11":{"start":{"line":126,"column":4},"end":{"line":126,"column":67}},"12":{"start":{"line":126,"column":57},"end":{"line":126,"column":67}},"13":{"start":{"line":128,"column":25},"end":{"line":128,"column":27}},"14":{"start":{"line":129,"column":4},"end":{"line":139,"column":5}},"15":{"start":{"line":131,"column":20},"end":{"line":131,"column":43}},"16":{"start":{"line":133,"column":6},"end":{"line":138,"column":7}},"17":{"start":{"line":134,"column":8},"end":{"line":137,"column":9}},"18":{"start":{"line":135,"column":23},"end":{"line":135,"column":54}},"19":{"start":{"line":136,"column":10},"end":{"line":136,"column":34}},"20":{"start":{"line":140,"column":4},"end":{"line":140,"column":24}},"21":{"start":{"line":143,"column":23},"end":{"line":143,"column":41}},"22":{"start":{"line":146,"column":28},"end":{"line":153,"column":3}},"23":{"start":{"line":147,"column":4},"end":{"line":152,"column":5}},"24":{"start":{"line":148,"column":6},"end":{"line":151,"column":10}},"25":{"start":{"line":148,"column":36},"end":{"line":151,"column":7}},"26":{"start":{"line":156,"column":24},"end":{"line":177,"column":3}},"27":{"start":{"line":158,"column":4},"end":{"line":176,"column":5}},"28":{"start":{"line":159,"column":6},"end":{"line":159,"column":25}},"29":{"start":{"line":161,"column":24},"end":{"line":163,"column":7}},"30":{"start":{"line":162,"column":8},"end":{"line":162,"column":48}},"31":{"start":{"line":164,"column":6},"end":{"line":175,"column":7}},"32":{"start":{"line":165,"column":8},"end":{"line":165,"column":31}},"33":{"start":{"line":168,"column":31},"end":{"line":170,"column":9}},"34":{"start":{"line":169,"column":10},"end":{"line":169,"column":51}},"35":{"start":{"line":171,"column":8},"end":{"line":174,"column":9}},"36":{"start":{"line":172,"column":28},"end":{"line":172,"column":103}},"37":{"start":{"line":173,"column":10},"end":{"line":173,"column":43}},"38":{"start":{"line":173,"column":25},"end":{"line":173,"column":43}},"39":{"start":{"line":179,"column":2},"end":{"line":256,"column":4}},"40":{"start":{"line":192,"column":12},"end":{"line":245,"column":13}},"41":{"start":{"line":193,"column":14},"end":{"line":237,"column":16}},"42":{"start":{"line":197,"column":20},"end":{"line":226,"column":26}},"43":{"start":{"line":207,"column":43},"end":{"line":207,"column":83}},"44":{"start":{"line":208,"column":44},"end":{"line":208,"column":81}},"45":{"start":{"line":215,"column":43},"end":{"line":215,"column":83}},"46":{"start":{"line":229,"column":35},"end":{"line":229,"column":69}},"47":{"start":{"line":231,"column":54},"end":{"line":231,"column":97}},"48":{"start":{"line":240,"column":14},"end":{"line":244,"column":16}}},"fnMap":{"0":{"name":"(anonymous_0)","decl":{"start":{"line":14,"column":27},"end":{"line":14,"column":28}},"loc":{"start":{"line":14,"column":36},"end":{"line":14,"column":60}},"line":14},"1":{"name":"(anonymous_1)","decl":{"start":{"line":111,"column":24},"end":{"line":111,"column":25}},"loc":{"start":{"line":123,"column":6},"end":{"line":257,"column":1}},"line":123},"2":{"name":"(anonymous_2)","decl":{"start":{"line":125,"column":27},"end":{"line":125,"column":28}},"loc":{"start":{"line":125,"column":33},"end":{"line":141,"column":3}},"line":125},"3":{"name":"(anonymous_3)","decl":{"start":{"line":146,"column":28},"end":{"line":146,"column":29}},"loc":{"start":{"line":146,"column":46},"end":{"line":153,"column":3}},"line":146},"4":{"name":"(anonymous_4)","decl":{"start":{"line":148,"column":27},"end":{"line":148,"column":28}},"loc":{"start":{"line":148,"column":36},"end":{"line":151,"column":7}},"line":148},"5":{"name":"(anonymous_5)","decl":{"start":{"line":156,"column":24},"end":{"line":156,"column":25}},"loc":{"start":{"line":156,"column":52},"end":{"line":177,"column":3}},"line":156},"6":{"name":"(anonymous_6)","decl":{"start":{"line":161,"column":43},"end":{"line":161,"column":44}},"loc":{"start":{"line":162,"column":8},"end":{"line":162,"column":48}},"line":162},"7":{"name":"(anonymous_7)","decl":{"start":{"line":168,"column":54},"end":{"line":168,"column":55}},"loc":{"start":{"line":169,"column":10},"end":{"line":169,"column":51}},"line":169},"8":{"name":"(anonymous_8)","decl":{"start":{"line":190,"column":12},"end":{"line":190,"column":13}},"loc":{"start":{"line":190,"column":18},"end":{"line":246,"column":11}},"line":190},"9":{"name":"(anonymous_9)","decl":{"start":{"line":196,"column":36},"end":{"line":196,"column":37}},"loc":{"start":{"line":197,"column":20},"end":{"line":226,"column":26}},"line":197},"10":{"name":"(anonymous_10)","decl":{"start":{"line":207,"column":36},"end":{"line":207,"column":37}},"loc":{"start":{"line":207,"column":43},"end":{"line":207,"column":83}},"line":207},"11":{"name":"(anonymous_11)","decl":{"start":{"line":208,"column":37},"end":{"line":208,"column":38}},"loc":{"start":{"line":208,"column":44},"end":{"line":208,"column":81}},"line":208},"12":{"name":"(anonymous_12)","decl":{"start":{"line":215,"column":37},"end":{"line":215,"column":38}},"loc":{"start":{"line":215,"column":43},"end":{"line":215,"column":83}},"line":215},"13":{"name":"(anonymous_13)","decl":{"start":{"line":229,"column":29},"end":{"line":229,"column":30}},"loc":{"start":{"line":229,"column":35},"end":{"line":229,"column":69}},"line":229},"14":{"name":"(anonymous_14)","decl":{"start":{"line":231,"column":40},"end":{"line":231,"column":41}},"loc":{"start":{"line":231,"column":54},"end":{"line":231,"column":97}},"line":231}},"branchMap":{"0":{"loc":{"start":{"line":14,"column":36},"end":{"line":14,"column":60}},"type":"binary-expr","locations":[{"start":{"line":14,"column":36},"end":{"line":14,"column":47}},{"start":{"line":14,"column":51},"end":{"line":14,"column":60}}],"line":14},"1":{"loc":{"start":{"line":113,"column":2},"end":{"line":113,"column":24}},"type":"default-arg","locations":[{"start":{"line":113,"column":22},"end":{"line":113,"column":24}}],"line":113},"2":{"loc":{"start":{"line":126,"column":4},"end":{"line":126,"column":67}},"type":"if","locations":[{"start":{"line":126,"column":4},"end":{"line":126,"column":67}},{"start":{},"end":{}}],"line":126},"3":{"loc":{"start":{"line":126,"column":8},"end":{"line":126,"column":55}},"type":"binary-expr","locations":[{"start":{"line":126,"column":8},"end":{"line":126,"column":20}},{"start":{"line":126,"column":24},"end":{"line":126,"column":55}}],"line":126},"4":{"loc":{"start":{"line":129,"column":4},"end":{"line":139,"column":5}},"type":"if","locations":[{"start":{"line":129,"column":4},"end":{"line":139,"column":5}},{"start":{},"end":{}}],"line":129},"5":{"loc":{"start":{"line":134,"column":8},"end":{"line":137,"column":9}},"type":"if","locations":[{"start":{"line":134,"column":8},"end":{"line":137,"column":9}},{"start":{},"end":{}}],"line":134},"6":{"loc":{"start":{"line":147,"column":4},"end":{"line":152,"column":5}},"type":"if","locations":[{"start":{"line":147,"column":4},"end":{"line":152,"column":5}},{"start":{},"end":{}}],"line":147},"7":{"loc":{"start":{"line":158,"column":4},"end":{"line":176,"column":5}},"type":"if","locations":[{"start":{"line":158,"column":4},"end":{"line":176,"column":5}},{"start":{},"end":{}}],"line":158},"8":{"loc":{"start":{"line":158,"column":8},"end":{"line":158,"column":40}},"type":"binary-expr","locations":[{"start":{"line":158,"column":8},"end":{"line":158,"column":25}},{"start":{"line":158,"column":29},"end":{"line":158,"column":40}}],"line":158},"9":{"loc":{"start":{"line":164,"column":6},"end":{"line":175,"column":7}},"type":"if","locations":[{"start":{"line":164,"column":6},"end":{"line":175,"column":7}},{"start":{"line":166,"column":13},"end":{"line":175,"column":7}}],"line":164},"10":{"loc":{"start":{"line":164,"column":10},"end":{"line":164,"column":48}},"type":"binary-expr","locations":[{"start":{"line":164,"column":10},"end":{"line":164,"column":19}},{"start":{"line":164,"column":23},"end":{"line":164,"column":36}},{"start":{"line":164,"column":40},"end":{"line":164,"column":48}}],"line":164},"11":{"loc":{"start":{"line":171,"column":8},"end":{"line":174,"column":9}},"type":"if","locations":[{"start":{"line":171,"column":8},"end":{"line":174,"column":9}},{"start":{},"end":{}}],"line":171},"12":{"loc":{"start":{"line":173,"column":10},"end":{"line":173,"column":43}},"type":"if","locations":[{"start":{"line":173,"column":10},"end":{"line":173,"column":43}},{"start":{},"end":{}}],"line":173},"13":{"loc":{"start":{"line":183,"column":21},"end":{"line":183,"column":75}},"type":"cond-expr","locations":[{"start":{"line":183,"column":55},"end":{"line":183,"column":68}},{"start":{"line":183,"column":71},"end":{"line":183,"column":75}}],"line":183},"14":{"loc":{"start":{"line":187,"column":7},"end":{"line":248,"column":7}},"type":"binary-expr","locations":[{"start":{"line":187,"column":7},"end":{"line":187,"column":18}},{"start":{"line":187,"column":22},"end":{"line":187,"column":51}},{"start":{"line":188,"column":8},"end":{"line":247,"column":11}}],"line":187},"15":{"loc":{"start":{"line":192,"column":12},"end":{"line":245,"column":13}},"type":"if","locations":[{"start":{"line":192,"column":12},"end":{"line":245,"column":13}},{"start":{"line":238,"column":19},"end":{"line":245,"column":13}}],"line":192},"16":{"loc":{"start":{"line":206,"column":33},"end":{"line":206,"column":73}},"type":"binary-expr","locations":[{"start":{"line":206,"column":33},"end":{"line":206,"column":67}},{"start":{"line":206,"column":71},"end":{"line":206,"column":73}}],"line":206},"17":{"loc":{"start":{"line":213,"column":25},"end":{"line":223,"column":25}},"type":"binary-expr","locations":[{"start":{"line":213,"column":25},"end":{"line":213,"column":40}},{"start":{"line":213,"column":44},"end":{"line":213,"column":66}},{"start":{"line":214,"column":26},"end":{"line":222,"column":28}}],"line":213},"18":{"loc":{"start":{"line":216,"column":38},"end":{"line":217,"column":76}},"type":"binary-expr","locations":[{"start":{"line":216,"column":38},"end":{"line":216,"column":63}},{"start":{"line":217,"column":30},"end":{"line":217,"column":76}}],"line":216},"19":{"loc":{"start":{"line":218,"column":39},"end":{"line":220,"column":49}},"type":"cond-expr","locations":[{"start":{"line":220,"column":30},"end":{"line":220,"column":38}},{"start":{"line":220,"column":41},"end":{"line":220,"column":49}}],"line":218},"20":{"loc":{"start":{"line":218,"column":39},"end":{"line":219,"column":76}},"type":"binary-expr","locations":[{"start":{"line":218,"column":39},"end":{"line":218,"column":64}},{"start":{"line":219,"column":30},"end":{"line":219,"column":76}}],"line":218},"21":{"loc":{"start":{"line":229,"column":35},"end":{"line":229,"column":69}},"type":"binary-expr","locations":[{"start":{"line":229,"column":35},"end":{"line":229,"column":43}},{"start":{"line":229,"column":47},"end":{"line":229,"column":69}}],"line":229},"22":{"loc":{"start":{"line":230,"column":30},"end":{"line":231,"column":98}},"type":"binary-expr","locations":[{"start":{"line":230,"column":30},"end":{"line":230,"column":42}},{"start":{"line":231,"column":22},"end":{"line":231,"column":98}}],"line":230},"23":{"loc":{"start":{"line":233,"column":21},"end":{"line":233,"column":61}},"type":"cond-expr","locations":[{"start":{"line":233,"column":36},"end":{"line":233,"column":54}},{"start":{"line":233,"column":57},"end":{"line":233,"column":61}}],"line":233},"24":{"loc":{"start":{"line":234,"column":21},"end":{"line":234,"column":55}},"type":"cond-expr","locations":[{"start":{"line":234,"column":36},"end":{"line":234,"column":44}},{"start":{"line":234,"column":47},"end":{"line":234,"column":55}}],"line":234},"25":{"loc":{"start":{"line":249,"column":7},"end":{"line":253,"column":7}},"type":"binary-expr","locations":[{"start":{"line":249,"column":8},"end":{"line":249,"column":37}},{"start":{"line":249,"column":41},"end":{"line":249,"column":53}},{"start":{"line":250,"column":8},"end":{"line":252,"column":15}}],"line":249},"26":{"loc":{"start":{"line":251,"column":11},"end":{"line":251,"column":32}},"type":"binary-expr","locations":[{"start":{"line":251,"column":11},"end":{"line":251,"column":22}},{"start":{"line":251,"column":26},"end":{"line":251,"column":32}}],"line":251}},"s":{"0":1,"1":1,"2":0,"3":1,"4":1,"5":1,"6":1,"7":1,"8":1,"9":1,"10":0,"11":0,"12":0,"13":0,"14":0,"15":0,"16":0,"17":0,"18":0,"19":0,"20":0,"21":0,"22":0,"23":0,"24":0,"25":0,"26":0,"27":0,"28":0,"29":0,"30":0,"31":0,"32":0,"33":0,"34":0,"35":0,"36":0,"37":0,"38":0,"39":0,"40":0,"41":0,"42":0,"43":0,"44":0,"45":0,"46":0,"47":0,"48":0},"f":{"0":0,"1":0,"2":0,"3":0,"4":0,"5":0,"6":0,"7":0,"8":0,"9":0,"10":0,"11":0,"12":0,"13":0,"14":0},"b":{"0":[0,0],"1":[0],"2":[0,0],"3":[0,0],"4":[0,0],"5":[0,0],"6":[0,0],"7":[0,0],"8":[0,0],"9":[0,0],"10":[0,0,0],"11":[0,0],"12":[0,0],"13":[0,0],"14":[0,0,0],"15":[0,0],"16":[0,0],"17":[0,0,0],"18":[0,0],"19":[0,0],"20":[0,0],"21":[0,0],"22":[0,0],"23":[0,0],"24":[0,0],"25":[0,0,0],"26":[0,0]},"_coverageSchema":"1a1c01bbd47fc00a2c39e90264f33305004495a9","hash":"f75b884da7bc8eb0dfbc52d95e51f7d070805600"}
,"/Users/ironion/workspace/prompt-interpreter-ui/src/components/Modal.jsx": {"path":"/Users/ironion/workspace/prompt-interpreter-ui/src/components/Modal.jsx","statementMap":{"0":{"start":{"line":5,"column":21},"end":{"line":22,"column":1}},"1":{"start":{"line":25,"column":23},"end":{"line":45,"column":1}},"2":{"start":{"line":48,"column":19},"end":{"line":54,"column":1}},"3":{"start":{"line":57,"column":21},"end":{"line":61,"column":1}},"4":{"start":{"line":64,"column":24},"end":{"line":67,"column":1}},"5":{"start":{"line":70,"column":22},"end":{"line":111,"column":1}},"6":{"start":{"line":79,"column":4},"end":{"line":88,"column":5}},"7":{"start":{"line":81,"column":8},"end":{"line":81,"column":25}},"8":{"start":{"line":83,"column":8},"end":{"line":83,"column":25}},"9":{"start":{"line":85,"column":8},"end":{"line":85,"column":25}},"10":{"start":{"line":87,"column":8},"end":{"line":87,"column":25}},"11":{"start":{"line":95,"column":6},"end":{"line":104,"column":7}},"12":{"start":{"line":97,"column":10},"end":{"line":97,"column":42}},"13":{"start":{"line":99,"column":10},"end":{"line":99,"column":42}},"14":{"start":{"line":101,"column":10},"end":{"line":101,"column":42}},"15":{"start":{"line":103,"column":10},"end":{"line":103,"column":43}},"16":{"start":{"line":114,"column":13},"end":{"line":116,"column":1}},"17":{"start":{"line":118,"column":14},"end":{"line":163,"column":1}},"18":{"start":{"line":119,"column":2},"end":{"line":119,"column":27}},"19":{"start":{"line":119,"column":15},"end":{"line":119,"column":27}},"20":{"start":{"line":122,"column":19},"end":{"line":134,"column":3}},"21":{"start":{"line":123,"column":4},"end":{"line":123,"column":28}},"22":{"start":{"line":123,"column":15},"end":{"line":123,"column":28}},"23":{"start":{"line":124,"column":4},"end":{"line":133,"column":5}},"24":{"start":{"line":126,"column":8},"end":{"line":126,"column":20}},"25":{"start":{"line":128,"column":8},"end":{"line":128,"column":20}},"26":{"start":{"line":130,"column":8},"end":{"line":130,"column":20}},"27":{"start":{"line":132,"column":8},"end":{"line":132,"column":20}},"28":{"start":{"line":136,"column":18},"end":{"line":147,"column":3}},"29":{"start":{"line":137,"column":4},"end":{"line":146,"column":5}},"30":{"start":{"line":139,"column":8},"end":{"line":139,"column":19}},"31":{"start":{"line":141,"column":8},"end":{"line":141,"column":19}},"32":{"start":{"line":143,"column":8},"end":{"line":143,"column":20}},"33":{"start":{"line":145,"column":8},"end":{"line":145,"column":20}},"34":{"start":{"line":149,"column":2},"end":{"line":162,"column":4}},"35":{"start":{"line":151,"column":36},"end":{"line":151,"column":55}}},"fnMap":{"0":{"name":"(anonymous_0)","decl":{"start":{"line":78,"column":16},"end":{"line":78,"column":17}},"loc":{"start":{"line":78,"column":25},"end":{"line":89,"column":3}},"line":78},"1":{"name":"(anonymous_1)","decl":{"start":{"line":94,"column":29},"end":{"line":94,"column":30}},"loc":{"start":{"line":94,"column":38},"end":{"line":105,"column":5}},"line":94},"2":{"name":"(anonymous_2)","decl":{"start":{"line":118,"column":14},"end":{"line":118,"column":15}},"loc":{"start":{"line":118,"column":70},"end":{"line":163,"column":1}},"line":118},"3":{"name":"(anonymous_3)","decl":{"start":{"line":122,"column":19},"end":{"line":122,"column":20}},"loc":{"start":{"line":122,"column":25},"end":{"line":134,"column":3}},"line":122},"4":{"name":"(anonymous_4)","decl":{"start":{"line":136,"column":18},"end":{"line":136,"column":19}},"loc":{"start":{"line":136,"column":24},"end":{"line":147,"column":3}},"line":136},"5":{"name":"(anonymous_5)","decl":{"start":{"line":151,"column":31},"end":{"line":151,"column":32}},"loc":{"start":{"line":151,"column":36},"end":{"line":151,"column":55}},"line":151}},"branchMap":{"0":{"loc":{"start":{"line":79,"column":4},"end":{"line":88,"column":5}},"type":"switch","locations":[{"start":{"line":80,"column":6},"end":{"line":81,"column":25}},{"start":{"line":82,"column":6},"end":{"line":83,"column":25}},{"start":{"line":84,"column":6},"end":{"line":85,"column":25}},{"start":{"line":86,"column":6},"end":{"line":87,"column":25}}],"line":79},"1":{"loc":{"start":{"line":95,"column":6},"end":{"line":104,"column":7}},"type":"switch","locations":[{"start":{"line":96,"column":8},"end":{"line":97,"column":42}},{"start":{"line":98,"column":8},"end":{"line":99,"column":42}},{"start":{"line":100,"column":8},"end":{"line":101,"column":42}},{"start":{"line":102,"column":8},"end":{"line":103,"column":43}}],"line":95},"2":{"loc":{"start":{"line":118,"column":43},"end":{"line":118,"column":56}},"type":"default-arg","locations":[{"start":{"line":118,"column":50},"end":{"line":118,"column":56}}],"line":118},"3":{"loc":{"start":{"line":119,"column":2},"end":{"line":119,"column":27}},"type":"if","locations":[{"start":{"line":119,"column":2},"end":{"line":119,"column":27}},{"start":{},"end":{}}],"line":119},"4":{"loc":{"start":{"line":123,"column":4},"end":{"line":123,"column":28}},"type":"if","locations":[{"start":{"line":123,"column":4},"end":{"line":123,"column":28}},{"start":{},"end":{}}],"line":123},"5":{"loc":{"start":{"line":124,"column":4},"end":{"line":133,"column":5}},"type":"switch","locations":[{"start":{"line":125,"column":6},"end":{"line":126,"column":20}},{"start":{"line":127,"column":6},"end":{"line":128,"column":20}},{"start":{"line":129,"column":6},"end":{"line":130,"column":20}},{"start":{"line":131,"column":6},"end":{"line":132,"column":20}}],"line":124},"6":{"loc":{"start":{"line":137,"column":4},"end":{"line":146,"column":5}},"type":"switch","locations":[{"start":{"line":138,"column":6},"end":{"line":139,"column":19}},{"start":{"line":140,"column":6},"end":{"line":141,"column":19}},{"start":{"line":142,"column":6},"end":{"line":143,"column":20}},{"start":{"line":144,"column":6},"end":{"line":145,"column":20}}],"line":137}},"s":{"0":1,"1":1,"2":1,"3":1,"4":1,"5":1,"6":0,"7":0,"8":0,"9":0,"10":0,"11":0,"12":0,"13":0,"14":0,"15":0,"16":1,"17":1,"18":9,"19":1,"20":8,"21":8,"22":2,"23":6,"24":1,"25":1,"26":1,"27":3,"28":8,"29":8,"30":2,"31":1,"32":1,"33":4,"34":8,"35":0},"f":{"0":0,"1":0,"2":9,"3":8,"4":8,"5":0},"b":{"0":[0,0,0,0],"1":[0,0,0,0],"2":[4],"3":[1,8],"4":[2,6],"5":[1,1,1,3],"6":[2,1,1,4]},"_coverageSchema":"1a1c01bbd47fc00a2c39e90264f33305004495a9","hash":"b925b564b5204225969e42f1dd56c56eb0e10669"}
,"/Users/ironion/workspace/prompt-interpreter-ui/src/components/OptimizationCard.jsx": {"path":"/Users/ironion/workspace/prompt-interpreter-ui/src/components/OptimizationCard.jsx","statementMap":{"0":{"start":{"line":5,"column":15},"end":{"line":7,"column":1}},"1":{"start":{"line":9,"column":16},"end":{"line":18,"column":1}},"2":{"start":{"line":14,"column":36},"end":{"line":14,"column":60}},"3":{"start":{"line":20,"column":19},"end":{"line":39,"column":1}},"4":{"start":{"line":41,"column":23},"end":{"line":49,"column":1}},"5":{"start":{"line":58,"column":25},"end":{"line":95,"column":1}},"6":{"start":{"line":60,"column":26},"end":{"line":60,"column":50}},"7":{"start":{"line":62,"column":21},"end":{"line":66,"column":3}},"8":{"start":{"line":63,"column":4},"end":{"line":65,"column":5}},"9":{"start":{"line":64,"column":6},"end":{"line":64,"column":30}},"10":{"start":{"line":68,"column":2},"end":{"line":94,"column":4}},"11":{"start":{"line":85,"column":16},"end":{"line":85,"column":49}}},"fnMap":{"0":{"name":"(anonymous_0)","decl":{"start":{"line":14,"column":27},"end":{"line":14,"column":28}},"loc":{"start":{"line":14,"column":36},"end":{"line":14,"column":60}},"line":14},"1":{"name":"(anonymous_1)","decl":{"start":{"line":58,"column":25},"end":{"line":58,"column":26}},"loc":{"start":{"line":58,"column":69},"end":{"line":95,"column":1}},"line":58},"2":{"name":"(anonymous_2)","decl":{"start":{"line":62,"column":21},"end":{"line":62,"column":22}},"loc":{"start":{"line":62,"column":27},"end":{"line":66,"column":3}},"line":62},"3":{"name":"(anonymous_3)","decl":{"start":{"line":84,"column":31},"end":{"line":84,"column":32}},"loc":{"start":{"line":85,"column":16},"end":{"line":85,"column":49}},"line":85}},"branchMap":{"0":{"loc":{"start":{"line":14,"column":36},"end":{"line":14,"column":60}},"type":"binary-expr","locations":[{"start":{"line":14,"column":36},"end":{"line":14,"column":47}},{"start":{"line":14,"column":51},"end":{"line":14,"column":60}}],"line":14},"1":{"loc":{"start":{"line":58,"column":28},"end":{"line":58,"column":44}},"type":"default-arg","locations":[{"start":{"line":58,"column":42},"end":{"line":58,"column":44}}],"line":58},"2":{"loc":{"start":{"line":63,"column":4},"end":{"line":65,"column":5}},"type":"if","locations":[{"start":{"line":63,"column":4},"end":{"line":65,"column":5}},{"start":{},"end":{}}],"line":63},"3":{"loc":{"start":{"line":74,"column":9},"end":{"line":91,"column":9}},"type":"cond-expr","locations":[{"start":{"line":75,"column":10},"end":{"line":88,"column":13}},{"start":{"line":90,"column":10},"end":{"line":90,"column":69}}],"line":74},"4":{"loc":{"start":{"line":74,"column":9},"end":{"line":74,"column":46}},"type":"binary-expr","locations":[{"start":{"line":74,"column":9},"end":{"line":74,"column":20}},{"start":{"line":74,"column":24},"end":{"line":74,"column":46}}],"line":74},"5":{"loc":{"start":{"line":81,"column":15},"end":{"line":81,"column":39}},"type":"cond-expr","locations":[{"start":{"line":81,"column":26},"end":{"line":81,"column":32}},{"start":{"line":81,"column":35},"end":{"line":81,"column":39}}],"line":81}},"s":{"0":1,"1":1,"2":0,"3":1,"4":1,"5":1,"6":0,"7":0,"8":0,"9":0,"10":0,"11":0},"f":{"0":0,"1":0,"2":0,"3":0},"b":{"0":[0,0],"1":[0],"2":[0,0],"3":[0,0],"4":[0,0],"5":[0,0]},"_coverageSchema":"1a1c01bbd47fc00a2c39e90264f33305004495a9","hash":"ebef7a0a2a24de0f9dd93236896aed5f05e9ec6e"}
,"/Users/ironion/workspace/prompt-interpreter-ui/src/components/ResultCard.jsx": {"path":"/Users/ironion/workspace/prompt-interpreter-ui/src/components/ResultCard.jsx","statementMap":{"0":{"start":{"line":4,"column":13},"end":{"line":45,"column":1}},"1":{"start":{"line":47,"column":16},"end":{"line":56,"column":1}},"2":{"start":{"line":52,"column":36},"end":{"line":52,"column":60}},"3":{"start":{"line":58,"column":19},"end":{"line":77,"column":1}},"4":{"start":{"line":79,"column":19},"end":{"line":81,"column":1}},"5":{"start":{"line":94,"column":19},"end":{"line":122,"column":1}},"6":{"start":{"line":95,"column":24},"end":{"line":114,"column":3}},"7":{"start":{"line":96,"column":4},"end":{"line":98,"column":5}},"8":{"start":{"line":97,"column":6},"end":{"line":97,"column":22}},"9":{"start":{"line":100,"column":4},"end":{"line":113,"column":6}},"10":{"start":{"line":116,"column":2},"end":{"line":121,"column":4}}},"fnMap":{"0":{"name":"(anonymous_0)","decl":{"start":{"line":52,"column":27},"end":{"line":52,"column":28}},"loc":{"start":{"line":52,"column":36},"end":{"line":52,"column":60}},"line":52},"1":{"name":"(anonymous_1)","decl":{"start":{"line":94,"column":19},"end":{"line":94,"column":20}},"loc":{"start":{"line":94,"column":85},"end":{"line":122,"column":1}},"line":94},"2":{"name":"(anonymous_2)","decl":{"start":{"line":95,"column":24},"end":{"line":95,"column":25}},"loc":{"start":{"line":95,"column":30},"end":{"line":114,"column":3}},"line":95}},"branchMap":{"0":{"loc":{"start":{"line":52,"column":36},"end":{"line":52,"column":60}},"type":"binary-expr","locations":[{"start":{"line":52,"column":36},"end":{"line":52,"column":47}},{"start":{"line":52,"column":51},"end":{"line":52,"column":60}}],"line":52},"1":{"loc":{"start":{"line":96,"column":4},"end":{"line":98,"column":5}},"type":"if","locations":[{"start":{"line":96,"column":4},"end":{"line":98,"column":5}},{"start":{},"end":{}}],"line":96},"2":{"loc":{"start":{"line":102,"column":9},"end":{"line":110,"column":9}},"type":"binary-expr","locations":[{"start":{"line":102,"column":9},"end":{"line":102,"column":15}},{"start":{"line":103,"column":10},"end":{"line":109,"column":23}}],"line":102},"3":{"loc":{"start":{"line":108,"column":13},"end":{"line":108,"column":37}},"type":"cond-expr","locations":[{"start":{"line":108,"column":24},"end":{"line":108,"column":30}},{"start":{"line":108,"column":33},"end":{"line":108,"column":37}}],"line":108},"4":{"loc":{"start":{"line":111,"column":9},"end":{"line":111,"column":49}},"type":"binary-expr","locations":[{"start":{"line":111,"column":9},"end":{"line":111,"column":16}},{"start":{"line":111,"column":20},"end":{"line":111,"column":49}}],"line":111}},"s":{"0":3,"1":3,"2":1,"3":3,"4":3,"5":3,"6":12,"7":12,"8":11,"9":1,"10":12},"f":{"0":1,"1":12,"2":12},"b":{"0":[1,1],"1":[11,1],"2":[1,0],"3":[0,0],"4":[1,1]},"_coverageSchema":"1a1c01bbd47fc00a2c39e90264f33305004495a9","hash":"7003571b2371b66ee4567dacca12974c768cd9b8"}
,"/Users/ironion/workspace/prompt-interpreter-ui/src/components/SpeechInputButton.jsx": {"path":"/Users/ironion/workspace/prompt-interpreter-ui/src/components/SpeechInputButton.jsx","statementMap":{"0":{"start":{"line":4,"column":26},"end":{"line":233,"column":1}},"1":{"start":{"line":11,"column":38},"end":{"line":11,"column":49}},"2":{"start":{"line":14,"column":26},"end":{"line":14,"column":38}},"3":{"start":{"line":15,"column":22},"end":{"line":15,"column":34}},"4":{"start":{"line":16,"column":30},"end":{"line":16,"column":42}},"5":{"start":{"line":17,"column":28},"end":{"line":17,"column":40}},"6":{"start":{"line":18,"column":23},"end":{"line":18,"column":35}},"7":{"start":{"line":21,"column":27},"end":{"line":40,"column":3}},"8":{"start":{"line":23,"column":4},"end":{"line":26,"column":5}},"9":{"start":{"line":24,"column":6},"end":{"line":24,"column":54}},"10":{"start":{"line":25,"column":6},"end":{"line":25,"column":39}},"11":{"start":{"line":29,"column":4},"end":{"line":32,"column":5}},"12":{"start":{"line":30,"column":6},"end":{"line":30,"column":77}},"13":{"start":{"line":30,"column":63},"end":{"line":30,"column":75}},"14":{"start":{"line":31,"column":6},"end":{"line":31,"column":41}},"15":{"start":{"line":35,"column":4},"end":{"line":35,"column":31}},"16":{"start":{"line":36,"column":4},"end":{"line":36,"column":32}},"17":{"start":{"line":39,"column":4},"end":{"line":39,"column":21}},"18":{"start":{"line":43,"column":34},"end":{"line":85,"column":3}},"19":{"start":{"line":44,"column":4},"end":{"line":84,"column":5}},"20":{"start":{"line":46,"column":6},"end":{"line":46,"column":25}},"21":{"start":{"line":49,"column":21},"end":{"line":55,"column":8}},"22":{"start":{"line":56,"column":6},"end":{"line":56,"column":43}},"23":{"start":{"line":59,"column":6},"end":{"line":64,"column":7}},"24":{"start":{"line":60,"column":29},"end":{"line":60,"column":77}},"25":{"start":{"line":61,"column":8},"end":{"line":61,"column":53}},"26":{"start":{"line":62,"column":13},"end":{"line":64,"column":7}},"27":{"start":{"line":63,"column":8},"end":{"line":63,"column":47}},"28":{"start":{"line":67,"column":6},"end":{"line":67,"column":69}},"29":{"start":{"line":68,"column":6},"end":{"line":68,"column":40}},"30":{"start":{"line":69,"column":6},"end":{"line":69,"column":54}},"31":{"start":{"line":72,"column":27},"end":{"line":72,"column":64}},"32":{"start":{"line":73,"column":6},"end":{"line":73,"column":58}},"33":{"start":{"line":76,"column":21},"end":{"line":76,"column":76}},"34":{"start":{"line":77,"column":6},"end":{"line":77,"column":42}},"35":{"start":{"line":80,"column":6},"end":{"line":80,"column":27}},"36":{"start":{"line":82,"column":6},"end":{"line":82,"column":42}},"37":{"start":{"line":83,"column":6},"end":{"line":83,"column":25}},"38":{"start":{"line":88,"column":29},"end":{"line":121,"column":3}},"39":{"start":{"line":89,"column":21},"end":{"line":89,"column":40}},"40":{"start":{"line":90,"column":22},"end":{"line":90,"column":42}},"41":{"start":{"line":92,"column":4},"end":{"line":92,"column":40}},"42":{"start":{"line":92,"column":33},"end":{"line":92,"column":40}},"43":{"start":{"line":95,"column":20},"end":{"line":117,"column":5}},"44":{"start":{"line":96,"column":6},"end":{"line":96,"column":42}},"45":{"start":{"line":96,"column":35},"end":{"line":96,"column":42}},"46":{"start":{"line":99,"column":6},"end":{"line":99,"column":65}},"47":{"start":{"line":102,"column":6},"end":{"line":102,"column":48}},"48":{"start":{"line":105,"column":23},"end":{"line":105,"column":24}},"49":{"start":{"line":106,"column":6},"end":{"line":109,"column":7}},"50":{"start":{"line":106,"column":19},"end":{"line":106,"column":20}},"51":{"start":{"line":107,"column":27},"end":{"line":107,"column":45}},"52":{"start":{"line":108,"column":8},"end":{"line":108,"column":46}},"53":{"start":{"line":112,"column":18},"end":{"line":112,"column":58}},"54":{"start":{"line":113,"column":28},"end":{"line":113,"column":56}},"55":{"start":{"line":116,"column":6},"end":{"line":116,"column":62}},"56":{"start":{"line":116,"column":28},"end":{"line":116,"column":60}},"57":{"start":{"line":120,"column":4},"end":{"line":120,"column":63}},"58":{"start":{"line":124,"column":2},"end":{"line":141,"column":17}},"59":{"start":{"line":125,"column":4},"end":{"line":129,"column":5}},"60":{"start":{"line":126,"column":6},"end":{"line":126,"column":32}},"61":{"start":{"line":128,"column":6},"end":{"line":128,"column":25}},"62":{"start":{"line":132,"column":4},"end":{"line":140,"column":6}},"63":{"start":{"line":133,"column":6},"end":{"line":133,"column":25}},"64":{"start":{"line":136,"column":6},"end":{"line":139,"column":7}},"65":{"start":{"line":137,"column":8},"end":{"line":137,"column":40}},"66":{"start":{"line":138,"column":8},"end":{"line":138,"column":39}},"67":{"start":{"line":144,"column":29},"end":{"line":192,"column":3}},"68":{"start":{"line":145,"column":21},"end":{"line":145,"column":22}},"69":{"start":{"line":146,"column":17},"end":{"line":146,"column":35}},"70":{"start":{"line":149,"column":4},"end":{"line":191,"column":7}},"71":{"start":{"line":151,"column":6},"end":{"line":177,"column":7}},"72":{"start":{"line":153,"column":28},"end":{"line":153,"column":84}},"73":{"start":{"line":154,"column":23},"end":{"line":154,"column":56}},"74":{"start":{"line":157,"column":33},"end":{"line":157,"column":55}},"75":{"start":{"line":158,"column":27},"end":{"line":158,"column":60}},"76":{"start":{"line":161,"column":22},"end":{"line":161,"column":29}},"77":{"start":{"line":162,"column":32},"end":{"line":162,"column":76}},"78":{"start":{"line":163,"column":23},"end":{"line":163,"column":72}},"79":{"start":{"line":165,"column":8},"end":{"line":176,"column":10}},"80":{"start":{"line":180,"column":6},"end":{"line":190,"column":8}},"81":{"start":{"line":195,"column":27},"end":{"line":205,"column":3}},"82":{"start":{"line":196,"column":4},"end":{"line":196,"column":31}},"83":{"start":{"line":196,"column":19},"end":{"line":196,"column":31}},"84":{"start":{"line":198,"column":4},"end":{"line":204,"column":6}},"85":{"start":{"line":208,"column":26},"end":{"line":208,"column":88}},"86":{"start":{"line":210,"column":2},"end":{"line":232,"column":4}}},"fnMap":{"0":{"name":"(anonymous_0)","decl":{"start":{"line":4,"column":26},"end":{"line":4,"column":27}},"loc":{"start":{"line":9,"column":6},"end":{"line":233,"column":1}},"line":9},"1":{"name":"(anonymous_1)","decl":{"start":{"line":21,"column":27},"end":{"line":21,"column":28}},"loc":{"start":{"line":21,"column":33},"end":{"line":40,"column":3}},"line":21},"2":{"name":"(anonymous_2)","decl":{"start":{"line":30,"column":54},"end":{"line":30,"column":55}},"loc":{"start":{"line":30,"column":63},"end":{"line":30,"column":75}},"line":30},"3":{"name":"(anonymous_3)","decl":{"start":{"line":43,"column":34},"end":{"line":43,"column":35}},"loc":{"start":{"line":43,"column":46},"end":{"line":85,"column":3}},"line":43},"4":{"name":"(anonymous_4)","decl":{"start":{"line":88,"column":29},"end":{"line":88,"column":30}},"loc":{"start":{"line":88,"column":35},"end":{"line":121,"column":3}},"line":88},"5":{"name":"(anonymous_5)","decl":{"start":{"line":95,"column":20},"end":{"line":95,"column":21}},"loc":{"start":{"line":95,"column":26},"end":{"line":117,"column":5}},"line":95},"6":{"name":"(anonymous_6)","decl":{"start":{"line":116,"column":20},"end":{"line":116,"column":21}},"loc":{"start":{"line":116,"column":28},"end":{"line":116,"column":60}},"line":116},"7":{"name":"(anonymous_7)","decl":{"start":{"line":124,"column":12},"end":{"line":124,"column":13}},"loc":{"start":{"line":124,"column":18},"end":{"line":141,"column":3}},"line":124},"8":{"name":"(anonymous_8)","decl":{"start":{"line":132,"column":11},"end":{"line":132,"column":12}},"loc":{"start":{"line":132,"column":17},"end":{"line":140,"column":5}},"line":132},"9":{"name":"(anonymous_9)","decl":{"start":{"line":144,"column":29},"end":{"line":144,"column":30}},"loc":{"start":{"line":144,"column":35},"end":{"line":192,"column":3}},"line":144},"10":{"name":"(anonymous_10)","decl":{"start":{"line":149,"column":44},"end":{"line":149,"column":45}},"loc":{"start":{"line":149,"column":54},"end":{"line":191,"column":5}},"line":149},"11":{"name":"(anonymous_11)","decl":{"start":{"line":195,"column":27},"end":{"line":195,"column":28}},"loc":{"start":{"line":195,"column":33},"end":{"line":205,"column":3}},"line":195}},"branchMap":{"0":{"loc":{"start":{"line":6,"column":2},"end":{"line":6,"column":18}},"type":"default-arg","locations":[{"start":{"line":6,"column":13},"end":{"line":6,"column":18}}],"line":6},"1":{"loc":{"start":{"line":7,"column":2},"end":{"line":7,"column":20}},"type":"default-arg","locations":[{"start":{"line":7,"column":14},"end":{"line":7,"column":20}}],"line":7},"2":{"loc":{"start":{"line":8,"column":2},"end":{"line":8,"column":17}},"type":"default-arg","locations":[{"start":{"line":8,"column":9},"end":{"line":8,"column":17}}],"line":8},"3":{"loc":{"start":{"line":23,"column":4},"end":{"line":26,"column":5}},"type":"if","locations":[{"start":{"line":23,"column":4},"end":{"line":26,"column":5}},{"start":{},"end":{}}],"line":23},"4":{"loc":{"start":{"line":29,"column":4},"end":{"line":32,"column":5}},"type":"if","locations":[{"start":{"line":29,"column":4},"end":{"line":32,"column":5}},{"start":{},"end":{}}],"line":29},"5":{"loc":{"start":{"line":59,"column":6},"end":{"line":64,"column":7}},"type":"if","locations":[{"start":{"line":59,"column":6},"end":{"line":64,"column":7}},{"start":{"line":62,"column":13},"end":{"line":64,"column":7}}],"line":59},"6":{"loc":{"start":{"line":60,"column":29},"end":{"line":60,"column":77}},"type":"binary-expr","locations":[{"start":{"line":60,"column":29},"end":{"line":60,"column":48}},{"start":{"line":60,"column":52},"end":{"line":60,"column":77}}],"line":60},"7":{"loc":{"start":{"line":62,"column":13},"end":{"line":64,"column":7}},"type":"if","locations":[{"start":{"line":62,"column":13},"end":{"line":64,"column":7}},{"start":{},"end":{}}],"line":62},"8":{"loc":{"start":{"line":92,"column":4},"end":{"line":92,"column":40}},"type":"if","locations":[{"start":{"line":92,"column":4},"end":{"line":92,"column":40}},{"start":{},"end":{}}],"line":92},"9":{"loc":{"start":{"line":92,"column":8},"end":{"line":92,"column":31}},"type":"binary-expr","locations":[{"start":{"line":92,"column":8},"end":{"line":92,"column":17}},{"start":{"line":92,"column":21},"end":{"line":92,"column":31}}],"line":92},"10":{"loc":{"start":{"line":96,"column":6},"end":{"line":96,"column":42}},"type":"if","locations":[{"start":{"line":96,"column":6},"end":{"line":96,"column":42}},{"start":{},"end":{}}],"line":96},"11":{"loc":{"start":{"line":96,"column":10},"end":{"line":96,"column":33}},"type":"binary-expr","locations":[{"start":{"line":96,"column":10},"end":{"line":96,"column":19}},{"start":{"line":96,"column":23},"end":{"line":96,"column":33}}],"line":96},"12":{"loc":{"start":{"line":125,"column":4},"end":{"line":129,"column":5}},"type":"if","locations":[{"start":{"line":125,"column":4},"end":{"line":129,"column":5}},{"start":{"line":127,"column":11},"end":{"line":129,"column":5}}],"line":125},"13":{"loc":{"start":{"line":136,"column":6},"end":{"line":139,"column":7}},"type":"if","locations":[{"start":{"line":136,"column":6},"end":{"line":139,"column":7}},{"start":{},"end":{}}],"line":136},"14":{"loc":{"start":{"line":151,"column":6},"end":{"line":177,"column":7}},"type":"if","locations":[{"start":{"line":151,"column":6},"end":{"line":177,"column":7}},{"start":{},"end":{}}],"line":151},"15":{"loc":{"start":{"line":151,"column":10},"end":{"line":151,"column":42}},"type":"binary-expr","locations":[{"start":{"line":151,"column":10},"end":{"line":151,"column":30}},{"start":{"line":151,"column":34},"end":{"line":151,"column":42}}],"line":151},"16":{"loc":{"start":{"line":196,"column":4},"end":{"line":196,"column":31}},"type":"if","locations":[{"start":{"line":196,"column":4},"end":{"line":196,"column":31}},{"start":{},"end":{}}],"line":196},"17":{"loc":{"start":{"line":208,"column":62},"end":{"line":208,"column":86}},"type":"cond-expr","locations":[{"start":{"line":208,"column":73},"end":{"line":208,"column":81}},{"start":{"line":208,"column":84},"end":{"line":208,"column":86}}],"line":208},"18":{"loc":{"start":{"line":226,"column":7},"end":{"line":230,"column":7}},"type":"binary-expr","locations":[{"start":{"line":226,"column":7},"end":{"line":226,"column":15}},{"start":{"line":227,"column":8},"end":{"line":229,"column":14}}],"line":226}},"s":{"0":1,"1":12,"2":12,"3":12,"4":12,"5":12,"6":12,"7":12,"8":22,"9":0,"10":0,"11":22,"12":0,"13":0,"14":0,"15":22,"16":22,"17":22,"18":12,"19":0,"20":0,"21":0,"22":0,"23":0,"24":0,"25":0,"26":0,"27":0,"28":0,"29":0,"30":0,"31":0,"32":0,"33":0,"34":0,"35":0,"36":0,"37":0,"38":12,"39":0,"40":0,"41":0,"42":0,"43":0,"44":0,"45":0,"46":0,"47":0,"48":0,"49":0,"50":0,"51":0,"52":0,"53":0,"54":0,"55":0,"56":0,"57":0,"58":12,"59":11,"60":0,"61":11,"62":11,"63":11,"64":11,"65":0,"66":0,"67":12,"68":0,"69":0,"70":0,"71":0,"72":0,"73":0,"74":0,"75":0,"76":0,"77":0,"78":0,"79":0,"80":0,"81":12,"82":12,"83":12,"84":0,"85":12,"86":12},"f":{"0":12,"1":22,"2":0,"3":0,"4":0,"5":0,"6":0,"7":11,"8":11,"9":0,"10":0,"11":12},"b":{"0":[12],"1":[12],"2":[12],"3":[0,22],"4":[0,22],"5":[0,0],"6":[0,0],"7":[0,0],"8":[0,0],"9":[0,0],"10":[0,0],"11":[0,0],"12":[0,11],"13":[0,11],"14":[0,0],"15":[0,0],"16":[12,0],"17":[0,12],"18":[12,0]},"_coverageSchema":"1a1c01bbd47fc00a2c39e90264f33305004495a9","hash":"3b2530cb787ea3cf1c0583f2634d4d60fe86dfdc"}
}
