TN:
SF:src/components/EnrichedPromptCard.jsx
FN:14,(anonymous_0)
FN:21,(anonymous_1)
FN:22,(anonymous_2)
FN:23,(anonymous_3)
FN:66,(anonymous_4)
FN:72,(anonymous_5)
FN:108,(anonymous_6)
FN:112,(anonymous_7)
FN:119,(anonymous_8)
FNF:9
FNH:0
FNDA:0,(anonymous_0)
FNDA:0,(anonymous_1)
FNDA:0,(anonymous_2)
FNDA:0,(anonymous_3)
FNDA:0,(anonymous_4)
FNDA:0,(anonymous_5)
FNDA:0,(anonymous_6)
FNDA:0,(anonymous_7)
FNDA:0,(anonymous_8)
DA:5,1
DA:9,1
DA:14,0
DA:20,1
DA:21,0
DA:22,0
DA:23,0
DA:27,1
DA:48,1
DA:65,1
DA:66,0
DA:72,0
DA:82,1
DA:87,1
DA:91,1
DA:108,1
DA:109,0
DA:112,0
DA:113,0
DA:114,0
DA:119,0
DA:120,0
DA:123,0
LF:23
LH:10
BRDA:14,0,0,0
BRDA:14,0,1,0
BRDA:21,1,0,0
BRDA:21,1,1,0
BRDA:22,2,0,0
BRDA:22,2,1,0
BRDA:23,3,0,0
BRDA:23,3,1,0
BRDA:66,4,0,0
BRDA:66,4,1,0
BRDA:72,5,0,0
BRDA:72,5,1,0
BRDA:113,6,0,0
BRDA:113,6,1,0
BRDA:133,7,0,0
BRDA:133,7,1,0
BRDA:135,8,0,0
BRDA:135,8,1,0
BRDA:142,9,0,0
BRDA:142,9,1,0
BRDA:144,10,0,0
BRDA:144,10,1,0
BRDA:151,11,0,0
BRDA:151,11,1,0
BRDA:164,12,0,0
BRDA:164,12,1,0
BRDA:164,12,2,0
BRF:27
BRH:0
end_of_record
TN:
SF:src/components/IntentCard.jsx
FN:14,(anonymous_0)
FN:48,(anonymous_1)
FNF:2
FNH:2
FNDA:8,(anonymous_0)
FNDA:8,(anonymous_1)
DA:5,1
DA:9,1
DA:14,8
DA:20,1
DA:48,1
DA:49,8
LF:6
LH:6
BRDA:14,0,0,8
BRDA:14,0,1,0
BRDA:55,1,0,7
BRDA:55,1,1,1
BRDA:62,2,0,1
BRDA:62,2,1,6
BRF:6
BRH:5
end_of_record
TN:
SF:src/components/MissingInfoCard.jsx
FN:14,(anonymous_0)
FN:111,(anonymous_1)
FN:125,(anonymous_2)
FN:146,(anonymous_3)
FN:148,(anonymous_4)
FN:156,(anonymous_5)
FN:161,(anonymous_6)
FN:168,(anonymous_7)
FN:190,(anonymous_8)
FN:196,(anonymous_9)
FN:207,(anonymous_10)
FN:208,(anonymous_11)
FN:215,(anonymous_12)
FN:229,(anonymous_13)
FN:231,(anonymous_14)
FNF:15
FNH:0
FNDA:0,(anonymous_0)
FNDA:0,(anonymous_1)
FNDA:0,(anonymous_2)
FNDA:0,(anonymous_3)
FNDA:0,(anonymous_4)
FNDA:0,(anonymous_5)
FNDA:0,(anonymous_6)
FNDA:0,(anonymous_7)
FNDA:0,(anonymous_8)
FNDA:0,(anonymous_9)
FNDA:0,(anonymous_10)
FNDA:0,(anonymous_11)
FNDA:0,(anonymous_12)
FNDA:0,(anonymous_13)
FNDA:0,(anonymous_14)
DA:6,1
DA:9,1
DA:14,0
DA:20,1
DA:44,1
DA:74,1
DA:88,1
DA:94,1
DA:101,1
DA:111,1
DA:125,0
DA:126,0
DA:128,0
DA:129,0
DA:131,0
DA:133,0
DA:134,0
DA:135,0
DA:136,0
DA:140,0
DA:143,0
DA:146,0
DA:147,0
DA:148,0
DA:156,0
DA:158,0
DA:159,0
DA:161,0
DA:162,0
DA:164,0
DA:165,0
DA:168,0
DA:169,0
DA:171,0
DA:172,0
DA:173,0
DA:179,0
DA:192,0
DA:193,0
DA:197,0
DA:207,0
DA:208,0
DA:215,0
DA:229,0
DA:231,0
DA:240,0
LF:46
LH:9
BRDA:14,0,0,0
BRDA:14,0,1,0
BRDA:113,1,0,0
BRDA:126,2,0,0
BRDA:126,2,1,0
BRDA:126,3,0,0
BRDA:126,3,1,0
BRDA:129,4,0,0
BRDA:129,4,1,0
BRDA:134,5,0,0
BRDA:134,5,1,0
BRDA:147,6,0,0
BRDA:147,6,1,0
BRDA:158,7,0,0
BRDA:158,7,1,0
BRDA:158,8,0,0
BRDA:158,8,1,0
BRDA:164,9,0,0
BRDA:164,9,1,0
BRDA:164,10,0,0
BRDA:164,10,1,0
BRDA:164,10,2,0
BRDA:171,11,0,0
BRDA:171,11,1,0
BRDA:173,12,0,0
BRDA:173,12,1,0
BRDA:183,13,0,0
BRDA:183,13,1,0
BRDA:187,14,0,0
BRDA:187,14,1,0
BRDA:187,14,2,0
BRDA:192,15,0,0
BRDA:192,15,1,0
BRDA:206,16,0,0
BRDA:206,16,1,0
BRDA:213,17,0,0
BRDA:213,17,1,0
BRDA:213,17,2,0
BRDA:216,18,0,0
BRDA:216,18,1,0
BRDA:218,19,0,0
BRDA:218,19,1,0
BRDA:218,20,0,0
BRDA:218,20,1,0
BRDA:229,21,0,0
BRDA:229,21,1,0
BRDA:230,22,0,0
BRDA:230,22,1,0
BRDA:233,23,0,0
BRDA:233,23,1,0
BRDA:234,24,0,0
BRDA:234,24,1,0
BRDA:249,25,0,0
BRDA:249,25,1,0
BRDA:249,25,2,0
BRDA:251,26,0,0
BRDA:251,26,1,0
BRF:57
BRH:0
end_of_record
TN:
SF:src/components/Modal.jsx
FN:78,(anonymous_0)
FN:94,(anonymous_1)
FN:118,(anonymous_2)
FN:122,(anonymous_3)
FN:136,(anonymous_4)
FN:151,(anonymous_5)
FNF:6
FNH:3
FNDA:0,(anonymous_0)
FNDA:0,(anonymous_1)
FNDA:9,(anonymous_2)
FNDA:8,(anonymous_3)
FNDA:8,(anonymous_4)
FNDA:0,(anonymous_5)
DA:5,1
DA:25,1
DA:48,1
DA:57,1
DA:64,1
DA:70,1
DA:79,0
DA:81,0
DA:83,0
DA:85,0
DA:87,0
DA:95,0
DA:97,0
DA:99,0
DA:101,0
DA:103,0
DA:114,1
DA:118,1
DA:119,9
DA:122,8
DA:123,8
DA:124,6
DA:126,1
DA:128,1
DA:130,1
DA:132,3
DA:136,8
DA:137,8
DA:139,2
DA:141,1
DA:143,1
DA:145,4
DA:149,8
DA:151,0
LF:34
LH:23
BRDA:79,0,0,0
BRDA:79,0,1,0
BRDA:79,0,2,0
BRDA:79,0,3,0
BRDA:95,1,0,0
BRDA:95,1,1,0
BRDA:95,1,2,0
BRDA:95,1,3,0
BRDA:118,2,0,4
BRDA:119,3,0,1
BRDA:119,3,1,8
BRDA:123,4,0,2
BRDA:123,4,1,6
BRDA:124,5,0,1
BRDA:124,5,1,1
BRDA:124,5,2,1
BRDA:124,5,3,3
BRDA:137,6,0,2
BRDA:137,6,1,1
BRDA:137,6,2,1
BRDA:137,6,3,4
BRF:21
BRH:13
end_of_record
TN:
SF:src/components/OptimizationCard.jsx
FN:14,(anonymous_0)
FN:58,(anonymous_1)
FN:62,(anonymous_2)
FN:84,(anonymous_3)
FNF:4
FNH:0
FNDA:0,(anonymous_0)
FNDA:0,(anonymous_1)
FNDA:0,(anonymous_2)
FNDA:0,(anonymous_3)
DA:5,1
DA:9,1
DA:14,0
DA:20,1
DA:41,1
DA:58,1
DA:60,0
DA:62,0
DA:63,0
DA:64,0
DA:68,0
DA:85,0
LF:12
LH:5
BRDA:14,0,0,0
BRDA:14,0,1,0
BRDA:58,1,0,0
BRDA:63,2,0,0
BRDA:63,2,1,0
BRDA:74,3,0,0
BRDA:74,3,1,0
BRDA:74,4,0,0
BRDA:74,4,1,0
BRDA:81,5,0,0
BRDA:81,5,1,0
BRF:11
BRH:0
end_of_record
TN:
SF:src/components/ResultCard.jsx
FN:52,(anonymous_0)
FN:94,(anonymous_1)
FN:95,(anonymous_2)
FNF:3
FNH:3
FNDA:1,(anonymous_0)
FNDA:12,(anonymous_1)
FNDA:12,(anonymous_2)
DA:4,3
DA:47,3
DA:52,1
DA:58,3
DA:79,3
DA:94,3
DA:95,12
DA:96,12
DA:97,11
DA:100,1
DA:116,12
LF:11
LH:11
BRDA:52,0,0,1
BRDA:52,0,1,1
BRDA:96,1,0,11
BRDA:96,1,1,1
BRDA:102,2,0,1
BRDA:102,2,1,0
BRDA:108,3,0,0
BRDA:108,3,1,0
BRDA:111,4,0,1
BRDA:111,4,1,1
BRF:10
BRH:7
end_of_record
TN:
SF:src/components/SpeechInputButton.jsx
FN:4,(anonymous_0)
FN:21,(anonymous_1)
FN:30,(anonymous_2)
FN:43,(anonymous_3)
FN:88,(anonymous_4)
FN:95,(anonymous_5)
FN:116,(anonymous_6)
FN:124,(anonymous_7)
FN:132,(anonymous_8)
FN:144,(anonymous_9)
FN:149,(anonymous_10)
FN:195,(anonymous_11)
FNF:12
FNH:5
FNDA:12,(anonymous_0)
FNDA:22,(anonymous_1)
FNDA:0,(anonymous_2)
FNDA:0,(anonymous_3)
FNDA:0,(anonymous_4)
FNDA:0,(anonymous_5)
FNDA:0,(anonymous_6)
FNDA:11,(anonymous_7)
FNDA:11,(anonymous_8)
FNDA:0,(anonymous_9)
FNDA:0,(anonymous_10)
FNDA:12,(anonymous_11)
DA:4,1
DA:11,12
DA:14,12
DA:15,12
DA:16,12
DA:17,12
DA:18,12
DA:21,12
DA:23,22
DA:24,0
DA:25,0
DA:29,22
DA:30,0
DA:31,0
DA:35,22
DA:36,22
DA:39,22
DA:43,12
DA:44,0
DA:46,0
DA:49,0
DA:56,0
DA:59,0
DA:60,0
DA:61,0
DA:62,0
DA:63,0
DA:67,0
DA:68,0
DA:69,0
DA:72,0
DA:73,0
DA:76,0
DA:77,0
DA:80,0
DA:82,0
DA:83,0
DA:88,12
DA:89,0
DA:90,0
DA:92,0
DA:95,0
DA:96,0
DA:99,0
DA:102,0
DA:105,0
DA:106,0
DA:107,0
DA:108,0
DA:112,0
DA:113,0
DA:116,0
DA:120,0
DA:124,12
DA:125,11
DA:126,0
DA:128,11
DA:132,11
DA:133,11
DA:136,11
DA:137,0
DA:138,0
DA:144,12
DA:145,0
DA:146,0
DA:149,0
DA:151,0
DA:153,0
DA:154,0
DA:157,0
DA:158,0
DA:161,0
DA:162,0
DA:163,0
DA:165,0
DA:180,0
DA:195,12
DA:196,12
DA:198,0
DA:208,12
DA:210,12
LF:81
LH:26
BRDA:6,0,0,12
BRDA:7,1,0,12
BRDA:8,2,0,12
BRDA:23,3,0,0
BRDA:23,3,1,22
BRDA:29,4,0,0
BRDA:29,4,1,22
BRDA:59,5,0,0
BRDA:59,5,1,0
BRDA:60,6,0,0
BRDA:60,6,1,0
BRDA:62,7,0,0
BRDA:62,7,1,0
BRDA:92,8,0,0
BRDA:92,8,1,0
BRDA:92,9,0,0
BRDA:92,9,1,0
BRDA:96,10,0,0
BRDA:96,10,1,0
BRDA:96,11,0,0
BRDA:96,11,1,0
BRDA:125,12,0,0
BRDA:125,12,1,11
BRDA:136,13,0,0
BRDA:136,13,1,11
BRDA:151,14,0,0
BRDA:151,14,1,0
BRDA:151,15,0,0
BRDA:151,15,1,0
BRDA:196,16,0,12
BRDA:196,16,1,0
BRDA:208,17,0,0
BRDA:208,17,1,12
BRDA:226,18,0,12
BRDA:226,18,1,0
BRF:35
BRH:10
end_of_record
